{"/Users/joseantonio.gonzalez/Documents/Projects/Test,Val, Software/numMax/utils.js": {"path":"/Users/joseantonio.gonzalez/Documents/Projects/Test,Val, Software/numMax/utils.js","statementMap":{"0":{"start":{"line":3,"column":4},"end":{"line":11,"column":5}},"1":{"start":{"line":4,"column":8},"end":{"line":4,"column":16}},"2":{"start":{"line":6,"column":8},"end":{"line":10,"column":9}},"3":{"start":{"line":7,"column":12},"end":{"line":7,"column":20}},"4":{"start":{"line":9,"column":12},"end":{"line":9,"column":20}},"5":{"start":{"line":12,"column":4},"end":{"line":12,"column":14}},"6":{"start":{"line":15,"column":0},"end":{"line":15,"column":23}}},"fnMap":{"0":{"name":"numMax","decl":{"start":{"line":1,"column":9},"end":{"line":1,"column":15}},"loc":{"start":{"line":1,"column":22},"end":{"line":13,"column":1}},"line":1}},"branchMap":{"0":{"loc":{"start":{"line":3,"column":4},"end":{"line":11,"column":5}},"type":"if","locations":[{"start":{"line":3,"column":4},"end":{"line":11,"column":5}},{"start":{"line":5,"column":9},"end":{"line":11,"column":5}}],"line":3},"1":{"loc":{"start":{"line":3,"column":7},"end":{"line":3,"column":17}},"type":"binary-expr","locations":[{"start":{"line":3,"column":7},"end":{"line":3,"column":10}},{"start":{"line":3,"column":14},"end":{"line":3,"column":17}}],"line":3},"2":{"loc":{"start":{"line":6,"column":8},"end":{"line":10,"column":9}},"type":"if","locations":[{"start":{"line":6,"column":8},"end":{"line":10,"column":9}},{"start":{"line":8,"column":13},"end":{"line":10,"column":9}}],"line":6}},"s":{"0":4,"1":1,"2":3,"3":2,"4":1,"5":4,"6":1},"f":{"0":4},"b":{"0":[1,3],"1":[4,2],"2":[2,1]},"_coverageSchema":"1a1c01bbd47fc00a2c39e90264f33305004495a9","hash":"6cb1facf4f1359d38112286d194284b7ae49ba7b"}
}
